2021-03-17 23:50:05,061 ERROR ExecptionType: <class 'UnicodeDecodeError'> 
FILE: search_files.py 
LINE:59  'utf-8' codec can't decode byte 0x89 in position 0: invalid start byte
2021-03-17 23:50:05,061 ERROR ExecptionType: <class 'UnicodeDecodeError'> 
FILE: search_files.py 
LINE:59  'utf-8' codec can't decode byte 0x89 in position 0: invalid start byte
2021-03-17 23:50:05,061 ERROR ExecptionType: <class 'UnicodeDecodeError'> 
FILE: search_files.py 
LINE:59  'utf-8' codec can't decode byte 0x89 in position 0: invalid start byte
2021-03-17 23:50:05,061 ERROR ExecptionType: <class 'UnicodeDecodeError'> 
FILE: search_files.py 
LINE:59  'utf-8' codec can't decode byte 0x89 in position 0: invalid start byte
2021-03-17 23:50:05,061 ERROR ExecptionType: <class 'UnicodeDecodeError'> 
FILE: search_files.py 
LINE:59  'utf-8' codec can't decode byte 0x89 in position 0: invalid start byte
2021-03-17 23:50:05,061 ERROR ExecptionType: <class 'UnicodeDecodeError'> 
FILE: search_files.py 
LINE:59  'utf-8' codec can't decode byte 0x89 in position 0: invalid start byte
2021-03-17 23:50:05,061 ERROR ExecptionType: <class 'UnicodeDecodeError'> 
FILE: search_files.py 
LINE:59  'utf-8' codec can't decode byte 0x89 in position 0: invalid start byte
2021-03-17 23:50:05,061 ERROR ExecptionType: <class 'UnicodeDecodeError'> 
FILE: search_files.py 
LINE:59  'utf-8' codec can't decode byte 0x89 in position 0: invalid start byte
2021-03-17 23:50:05,061 ERROR ExecptionType: <class 'UnicodeDecodeError'> 
FILE: search_files.py 
LINE:59  'utf-8' codec can't decode byte 0x89 in position 0: invalid start byte
2021-03-17 23:50:05,061 ERROR ExecptionType: <class 'UnicodeDecodeError'> 
FILE: search_files.py 
LINE:59  'utf-8' codec can't decode byte 0x89 in position 0: invalid start byte
2021-03-17 23:50:05,061 ERROR ExecptionType: <class 'UnicodeDecodeError'> 
FILE: search_files.py 
LINE:59  'utf-8' codec can't decode byte 0x89 in position 0: invalid start byte
2021-03-17 23:50:05,061 ERROR ExecptionType: <class 'UnicodeDecodeError'> 
FILE: search_files.py 
LINE:59  'utf-8' codec can't decode byte 0x89 in position 0: invalid start byte
2021-03-17 23:50:05,061 ERROR ExecptionType: <class 'UnicodeDecodeError'> 
FILE: search_files.py 
LINE:59  'utf-8' codec can't decode byte 0x89 in position 0: invalid start byte
2021-03-17 23:50:05,076 ERROR ExecptionType: <class 'UnicodeDecodeError'> 
FILE: search_files.py 
LINE:59  'utf-8' codec can't decode byte 0xff in position 0: invalid start byte
2021-03-17 23:50:05,076 ERROR ExecptionType: <class 'UnicodeDecodeError'> 
FILE: search_files.py 
LINE:59  'utf-8' codec can't decode byte 0x89 in position 0: invalid start byte
2021-03-17 23:50:05,076 ERROR ExecptionType: <class 'UnicodeDecodeError'> 
FILE: search_files.py 
LINE:59  'utf-8' codec can't decode byte 0x89 in position 0: invalid start byte
2021-03-17 23:50:05,076 ERROR ExecptionType: <class 'UnicodeDecodeError'> 
FILE: search_files.py 
LINE:59  'utf-8' codec can't decode byte 0x89 in position 0: invalid start byte
2021-03-17 23:50:05,076 ERROR ExecptionType: <class 'UnicodeDecodeError'> 
FILE: search_files.py 
LINE:59  'utf-8' codec can't decode byte 0x89 in position 0: invalid start byte
2021-03-17 23:50:05,076 ERROR ExecptionType: <class 'UnicodeDecodeError'> 
FILE: search_files.py 
LINE:59  'utf-8' codec can't decode byte 0x89 in position 0: invalid start byte
2021-03-17 23:50:05,076 ERROR ExecptionType: <class 'UnicodeDecodeError'> 
FILE: search_files.py 
LINE:59  'utf-8' codec can't decode byte 0x89 in position 0: invalid start byte
2021-03-17 23:50:05,076 ERROR ExecptionType: <class 'UnicodeDecodeError'> 
FILE: search_files.py 
LINE:59  'utf-8' codec can't decode byte 0x89 in position 0: invalid start byte
2021-03-17 23:50:05,076 ERROR ExecptionType: <class 'UnicodeDecodeError'> 
FILE: search_files.py 
LINE:59  'utf-8' codec can't decode byte 0xff in position 0: invalid start byte
2021-03-17 23:50:05,076 ERROR ExecptionType: <class 'UnicodeDecodeError'> 
FILE: search_files.py 
LINE:59  'utf-8' codec can't decode byte 0x89 in position 0: invalid start byte
2021-03-17 23:50:05,076 ERROR ExecptionType: <class 'UnicodeDecodeError'> 
FILE: search_files.py 
LINE:59  'utf-8' codec can't decode byte 0x89 in position 0: invalid start byte
2021-03-17 23:50:05,076 ERROR ExecptionType: <class 'UnicodeDecodeError'> 
FILE: search_files.py 
LINE:59  'utf-8' codec can't decode byte 0xff in position 0: invalid start byte
2021-03-17 23:50:05,076 ERROR ExecptionType: <class 'UnicodeDecodeError'> 
FILE: search_files.py 
LINE:59  'utf-8' codec can't decode byte 0x89 in position 0: invalid start byte
2021-03-17 23:50:05,076 ERROR ExecptionType: <class 'UnicodeDecodeError'> 
FILE: search_files.py 
LINE:59  'utf-8' codec can't decode byte 0x89 in position 0: invalid start byte
2021-03-17 23:50:05,076 ERROR ExecptionType: <class 'UnicodeDecodeError'> 
FILE: search_files.py 
LINE:59  'utf-8' codec can't decode byte 0x89 in position 0: invalid start byte
2021-03-17 23:50:05,076 ERROR ExecptionType: <class 'UnicodeDecodeError'> 
FILE: search_files.py 
LINE:59  'utf-8' codec can't decode byte 0x89 in position 0: invalid start byte
2021-03-17 23:50:05,076 ERROR ExecptionType: <class 'UnicodeDecodeError'> 
FILE: search_files.py 
LINE:59  'utf-8' codec can't decode byte 0x89 in position 0: invalid start byte
2021-03-17 23:50:05,076 ERROR ExecptionType: <class 'UnicodeDecodeError'> 
FILE: search_files.py 
LINE:59  'utf-8' codec can't decode byte 0x89 in position 0: invalid start byte
2021-03-17 23:50:05,076 ERROR ExecptionType: <class 'UnicodeDecodeError'> 
FILE: search_files.py 
LINE:59  'utf-8' codec can't decode byte 0x89 in position 0: invalid start byte
2021-03-17 23:50:05,076 ERROR ExecptionType: <class 'UnicodeDecodeError'> 
FILE: search_files.py 
LINE:59  'utf-8' codec can't decode byte 0x89 in position 0: invalid start byte
2021-03-17 23:50:05,076 ERROR ExecptionType: <class 'UnicodeDecodeError'> 
FILE: search_files.py 
LINE:59  'utf-8' codec can't decode byte 0x89 in position 0: invalid start byte
2021-03-17 23:50:05,076 ERROR ExecptionType: <class 'UnicodeDecodeError'> 
FILE: search_files.py 
LINE:59  'utf-8' codec can't decode byte 0x89 in position 0: invalid start byte
2021-03-17 23:50:05,076 ERROR ExecptionType: <class 'UnicodeDecodeError'> 
FILE: search_files.py 
LINE:59  'utf-8' codec can't decode byte 0x89 in position 0: invalid start byte
2021-03-17 23:50:05,076 ERROR ExecptionType: <class 'UnicodeDecodeError'> 
FILE: search_files.py 
LINE:59  'utf-8' codec can't decode byte 0x89 in position 0: invalid start byte
2021-03-17 23:50:05,076 ERROR ExecptionType: <class 'UnicodeDecodeError'> 
FILE: search_files.py 
LINE:59  'utf-8' codec can't decode byte 0x89 in position 0: invalid start byte
2021-03-17 23:50:05,076 ERROR ExecptionType: <class 'UnicodeDecodeError'> 
FILE: search_files.py 
LINE:59  'utf-8' codec can't decode byte 0x89 in position 0: invalid start byte
2021-03-17 23:50:05,076 ERROR ExecptionType: <class 'UnicodeDecodeError'> 
FILE: search_files.py 
LINE:59  'utf-8' codec can't decode byte 0x89 in position 0: invalid start byte
2021-03-17 23:50:05,076 ERROR ExecptionType: <class 'UnicodeDecodeError'> 
FILE: search_files.py 
LINE:59  'utf-8' codec can't decode byte 0x89 in position 0: invalid start byte
2021-03-17 23:50:05,076 ERROR ExecptionType: <class 'UnicodeDecodeError'> 
FILE: search_files.py 
LINE:59  'utf-8' codec can't decode byte 0x89 in position 0: invalid start byte
2021-03-17 23:50:05,076 ERROR ExecptionType: <class 'UnicodeDecodeError'> 
FILE: search_files.py 
LINE:59  'utf-8' codec can't decode byte 0x89 in position 0: invalid start byte
2021-03-17 23:50:05,076 ERROR ExecptionType: <class 'UnicodeDecodeError'> 
FILE: search_files.py 
LINE:59  'utf-8' codec can't decode byte 0x89 in position 0: invalid start byte
2021-03-17 23:50:05,076 ERROR ExecptionType: <class 'UnicodeDecodeError'> 
FILE: search_files.py 
LINE:59  'utf-8' codec can't decode byte 0xff in position 0: invalid start byte
2021-03-17 23:50:05,076 ERROR ExecptionType: <class 'UnicodeDecodeError'> 
FILE: search_files.py 
LINE:59  'utf-8' codec can't decode byte 0x80 in position 7: invalid start byte
2021-03-17 23:50:05,076 ERROR ExecptionType: <class 'UnicodeDecodeError'> 
FILE: search_files.py 
LINE:59  'utf-8' codec can't decode byte 0x83 in position 18: invalid start byte
2021-03-17 23:50:05,076 ERROR ExecptionType: <class 'UnicodeDecodeError'> 
FILE: search_files.py 
LINE:59  'utf-8' codec can't decode byte 0x95 in position 10: invalid start byte
2021-03-17 23:50:05,076 ERROR ExecptionType: <class 'UnicodeDecodeError'> 
FILE: search_files.py 
LINE:59  'utf-8' codec can't decode byte 0xbe in position 0: invalid start byte
2021-03-17 23:50:05,076 ERROR ExecptionType: <class 'UnicodeDecodeError'> 
FILE: search_files.py 
LINE:59  'utf-8' codec can't decode byte 0xe6 in position 18: invalid continuation byte
2021-03-17 23:50:05,076 ERROR ExecptionType: <class 'UnicodeDecodeError'> 
FILE: search_files.py 
LINE:59  'utf-8' codec can't decode byte 0x84 in position 18: invalid start byte
2021-03-17 23:50:05,076 ERROR ExecptionType: <class 'UnicodeDecodeError'> 
FILE: search_files.py 
LINE:59  'utf-8' codec can't decode byte 0xae in position 10: invalid start byte
2021-03-17 23:50:05,107 ERROR ExecptionType: <class 'UnicodeDecodeError'> 
FILE: search_files.py 
LINE:59  'utf-8' codec can't decode byte 0x89 in position 0: invalid start byte
2021-03-17 23:50:05,107 ERROR ExecptionType: <class 'UnicodeDecodeError'> 
FILE: search_files.py 
LINE:59  'utf-8' codec can't decode byte 0xff in position 0: invalid start byte
2021-03-17 23:50:05,154 ERROR ExecptionType: <class 'UnicodeDecodeError'> 
FILE: search_files.py 
LINE:59  'utf-8' codec can't decode byte 0x89 in position 0: invalid start byte
2021-03-17 23:50:05,154 ERROR ExecptionType: <class 'UnicodeDecodeError'> 
FILE: search_files.py 
LINE:59  'utf-8' codec can't decode byte 0x89 in position 0: invalid start byte
2021-03-17 23:50:05,154 ERROR ExecptionType: <class 'UnicodeDecodeError'> 
FILE: search_files.py 
LINE:59  'utf-8' codec can't decode byte 0x89 in position 0: invalid start byte
2021-03-17 23:50:05,154 ERROR ExecptionType: <class 'UnicodeDecodeError'> 
FILE: search_files.py 
LINE:59  'utf-8' codec can't decode byte 0x89 in position 0: invalid start byte
2021-03-17 23:50:05,154 ERROR ExecptionType: <class 'UnicodeDecodeError'> 
FILE: search_files.py 
LINE:59  'utf-8' codec can't decode byte 0x89 in position 0: invalid start byte
2021-03-17 23:50:05,170 ERROR ExecptionType: <class 'UnicodeDecodeError'> 
FILE: search_files.py 
LINE:59  'utf-8' codec can't decode byte 0x89 in position 0: invalid start byte
2021-03-17 23:50:05,170 ERROR ExecptionType: <class 'UnicodeDecodeError'> 
FILE: search_files.py 
LINE:59  'utf-8' codec can't decode byte 0x89 in position 0: invalid start byte
2021-03-17 23:50:05,170 ERROR ExecptionType: <class 'UnicodeDecodeError'> 
FILE: search_files.py 
LINE:59  'utf-8' codec can't decode byte 0x89 in position 0: invalid start byte
2021-03-17 23:50:05,170 ERROR ExecptionType: <class 'UnicodeDecodeError'> 
FILE: search_files.py 
LINE:59  'utf-8' codec can't decode byte 0x89 in position 0: invalid start byte
2021-03-17 23:50:05,170 ERROR ExecptionType: <class 'UnicodeDecodeError'> 
FILE: search_files.py 
LINE:59  'utf-8' codec can't decode byte 0x89 in position 0: invalid start byte
