2021-03-18 00:02:27,517 ERROR ExecptionType: <class 'UnicodeDecodeError'> FILE: search_files.py LINE:60  'utf-8' codec can't decode byte 0x89 in position 0: invalid start byte
2021-03-18 00:02:27,517 ERROR ExecptionType: <class 'UnicodeDecodeError'> FILE: search_files.py LINE:60  'utf-8' codec can't decode byte 0x89 in position 0: invalid start byte
2021-03-18 00:02:27,517 ERROR ExecptionType: <class 'UnicodeDecodeError'> FILE: search_files.py LINE:60  'utf-8' codec can't decode byte 0x89 in position 0: invalid start byte
2021-03-18 00:02:27,517 ERROR ExecptionType: <class 'UnicodeDecodeError'> FILE: search_files.py LINE:60  'utf-8' codec can't decode byte 0x89 in position 0: invalid start byte
2021-03-18 00:02:27,517 ERROR ExecptionType: <class 'UnicodeDecodeError'> FILE: search_files.py LINE:60  'utf-8' codec can't decode byte 0x89 in position 0: invalid start byte
2021-03-18 00:02:27,517 ERROR ExecptionType: <class 'UnicodeDecodeError'> FILE: search_files.py LINE:60  'utf-8' codec can't decode byte 0x89 in position 0: invalid start byte
2021-03-18 00:02:27,517 ERROR ExecptionType: <class 'UnicodeDecodeError'> FILE: search_files.py LINE:60  'utf-8' codec can't decode byte 0x89 in position 0: invalid start byte
2021-03-18 00:02:27,517 ERROR ExecptionType: <class 'UnicodeDecodeError'> FILE: search_files.py LINE:60  'utf-8' codec can't decode byte 0x89 in position 0: invalid start byte
2021-03-18 00:02:27,517 ERROR ExecptionType: <class 'UnicodeDecodeError'> FILE: search_files.py LINE:60  'utf-8' codec can't decode byte 0x89 in position 0: invalid start byte
2021-03-18 00:02:27,517 ERROR ExecptionType: <class 'UnicodeDecodeError'> FILE: search_files.py LINE:60  'utf-8' codec can't decode byte 0x89 in position 0: invalid start byte
2021-03-18 00:02:27,517 ERROR ExecptionType: <class 'UnicodeDecodeError'> FILE: search_files.py LINE:60  'utf-8' codec can't decode byte 0x89 in position 0: invalid start byte
2021-03-18 00:02:27,517 ERROR ExecptionType: <class 'UnicodeDecodeError'> FILE: search_files.py LINE:60  'utf-8' codec can't decode byte 0x89 in position 0: invalid start byte
2021-03-18 00:02:27,517 ERROR ExecptionType: <class 'UnicodeDecodeError'> FILE: search_files.py LINE:60  'utf-8' codec can't decode byte 0x89 in position 0: invalid start byte
2021-03-18 00:02:27,517 ERROR ExecptionType: <class 'UnicodeDecodeError'> FILE: search_files.py LINE:60  'utf-8' codec can't decode byte 0xff in position 0: invalid start byte
2021-03-18 00:02:27,517 ERROR ExecptionType: <class 'UnicodeDecodeError'> FILE: search_files.py LINE:60  'utf-8' codec can't decode byte 0x89 in position 0: invalid start byte
2021-03-18 00:02:27,517 ERROR ExecptionType: <class 'UnicodeDecodeError'> FILE: search_files.py LINE:60  'utf-8' codec can't decode byte 0x89 in position 0: invalid start byte
2021-03-18 00:02:27,517 ERROR ExecptionType: <class 'UnicodeDecodeError'> FILE: search_files.py LINE:60  'utf-8' codec can't decode byte 0x89 in position 0: invalid start byte
2021-03-18 00:02:27,517 ERROR ExecptionType: <class 'UnicodeDecodeError'> FILE: search_files.py LINE:60  'utf-8' codec can't decode byte 0x89 in position 0: invalid start byte
2021-03-18 00:02:27,517 ERROR ExecptionType: <class 'UnicodeDecodeError'> FILE: search_files.py LINE:60  'utf-8' codec can't decode byte 0x89 in position 0: invalid start byte
2021-03-18 00:02:27,517 ERROR ExecptionType: <class 'UnicodeDecodeError'> FILE: search_files.py LINE:60  'utf-8' codec can't decode byte 0x89 in position 0: invalid start byte
2021-03-18 00:02:27,517 ERROR ExecptionType: <class 'UnicodeDecodeError'> FILE: search_files.py LINE:60  'utf-8' codec can't decode byte 0x89 in position 0: invalid start byte
2021-03-18 00:02:27,517 ERROR ExecptionType: <class 'UnicodeDecodeError'> FILE: search_files.py LINE:60  'utf-8' codec can't decode byte 0xff in position 0: invalid start byte
2021-03-18 00:02:27,517 ERROR ExecptionType: <class 'UnicodeDecodeError'> FILE: search_files.py LINE:60  'utf-8' codec can't decode byte 0x89 in position 0: invalid start byte
2021-03-18 00:02:27,517 ERROR ExecptionType: <class 'UnicodeDecodeError'> FILE: search_files.py LINE:60  'utf-8' codec can't decode byte 0x89 in position 0: invalid start byte
2021-03-18 00:02:27,517 ERROR ExecptionType: <class 'UnicodeDecodeError'> FILE: search_files.py LINE:60  'utf-8' codec can't decode byte 0xff in position 0: invalid start byte
2021-03-18 00:02:27,532 ERROR ExecptionType: <class 'UnicodeDecodeError'> FILE: search_files.py LINE:60  'utf-8' codec can't decode byte 0x89 in position 0: invalid start byte
2021-03-18 00:02:27,532 ERROR ExecptionType: <class 'UnicodeDecodeError'> FILE: search_files.py LINE:60  'utf-8' codec can't decode byte 0x89 in position 0: invalid start byte
2021-03-18 00:02:27,532 ERROR ExecptionType: <class 'UnicodeDecodeError'> FILE: search_files.py LINE:60  'utf-8' codec can't decode byte 0x89 in position 0: invalid start byte
2021-03-18 00:02:27,532 ERROR ExecptionType: <class 'UnicodeDecodeError'> FILE: search_files.py LINE:60  'utf-8' codec can't decode byte 0x89 in position 0: invalid start byte
2021-03-18 00:02:27,532 ERROR ExecptionType: <class 'UnicodeDecodeError'> FILE: search_files.py LINE:60  'utf-8' codec can't decode byte 0x89 in position 0: invalid start byte
2021-03-18 00:02:27,532 ERROR ExecptionType: <class 'UnicodeDecodeError'> FILE: search_files.py LINE:60  'utf-8' codec can't decode byte 0x89 in position 0: invalid start byte
2021-03-18 00:02:27,532 ERROR ExecptionType: <class 'UnicodeDecodeError'> FILE: search_files.py LINE:60  'utf-8' codec can't decode byte 0x89 in position 0: invalid start byte
2021-03-18 00:02:27,532 ERROR ExecptionType: <class 'UnicodeDecodeError'> FILE: search_files.py LINE:60  'utf-8' codec can't decode byte 0x89 in position 0: invalid start byte
2021-03-18 00:02:27,532 ERROR ExecptionType: <class 'UnicodeDecodeError'> FILE: search_files.py LINE:60  'utf-8' codec can't decode byte 0x89 in position 0: invalid start byte
2021-03-18 00:02:27,532 ERROR ExecptionType: <class 'UnicodeDecodeError'> FILE: search_files.py LINE:60  'utf-8' codec can't decode byte 0x89 in position 0: invalid start byte
2021-03-18 00:02:27,532 ERROR ExecptionType: <class 'UnicodeDecodeError'> FILE: search_files.py LINE:60  'utf-8' codec can't decode byte 0x89 in position 0: invalid start byte
2021-03-18 00:02:27,532 ERROR ExecptionType: <class 'UnicodeDecodeError'> FILE: search_files.py LINE:60  'utf-8' codec can't decode byte 0x89 in position 0: invalid start byte
2021-03-18 00:02:27,532 ERROR ExecptionType: <class 'UnicodeDecodeError'> FILE: search_files.py LINE:60  'utf-8' codec can't decode byte 0x89 in position 0: invalid start byte
2021-03-18 00:02:27,532 ERROR ExecptionType: <class 'UnicodeDecodeError'> FILE: search_files.py LINE:60  'utf-8' codec can't decode byte 0x89 in position 0: invalid start byte
2021-03-18 00:02:27,532 ERROR ExecptionType: <class 'UnicodeDecodeError'> FILE: search_files.py LINE:60  'utf-8' codec can't decode byte 0x89 in position 0: invalid start byte
2021-03-18 00:02:27,532 ERROR ExecptionType: <class 'UnicodeDecodeError'> FILE: search_files.py LINE:60  'utf-8' codec can't decode byte 0x89 in position 0: invalid start byte
2021-03-18 00:02:27,532 ERROR ExecptionType: <class 'UnicodeDecodeError'> FILE: search_files.py LINE:60  'utf-8' codec can't decode byte 0x89 in position 0: invalid start byte
2021-03-18 00:02:27,532 ERROR ExecptionType: <class 'UnicodeDecodeError'> FILE: search_files.py LINE:60  'utf-8' codec can't decode byte 0x89 in position 0: invalid start byte
2021-03-18 00:02:27,532 ERROR ExecptionType: <class 'UnicodeDecodeError'> FILE: search_files.py LINE:60  'utf-8' codec can't decode byte 0x89 in position 0: invalid start byte
2021-03-18 00:02:27,532 ERROR ExecptionType: <class 'UnicodeDecodeError'> FILE: search_files.py LINE:60  'utf-8' codec can't decode byte 0xff in position 0: invalid start byte
2021-03-18 00:02:27,532 ERROR ExecptionType: <class 'UnicodeDecodeError'> FILE: search_files.py LINE:60  'utf-8' codec can't decode byte 0x80 in position 7: invalid start byte
2021-03-18 00:02:27,532 ERROR ExecptionType: <class 'UnicodeDecodeError'> FILE: search_files.py LINE:60  'utf-8' codec can't decode byte 0x83 in position 18: invalid start byte
2021-03-18 00:02:27,532 ERROR ExecptionType: <class 'UnicodeDecodeError'> FILE: search_files.py LINE:60  'utf-8' codec can't decode byte 0x95 in position 10: invalid start byte
2021-03-18 00:02:27,532 ERROR ExecptionType: <class 'UnicodeDecodeError'> FILE: search_files.py LINE:60  'utf-8' codec can't decode byte 0xbe in position 0: invalid start byte
2021-03-18 00:02:27,532 ERROR ExecptionType: <class 'UnicodeDecodeError'> FILE: search_files.py LINE:60  'utf-8' codec can't decode byte 0xe6 in position 18: invalid continuation byte
2021-03-18 00:02:27,532 ERROR ExecptionType: <class 'UnicodeDecodeError'> FILE: search_files.py LINE:60  'utf-8' codec can't decode byte 0x84 in position 18: invalid start byte
2021-03-18 00:02:27,532 ERROR ExecptionType: <class 'UnicodeDecodeError'> FILE: search_files.py LINE:60  'utf-8' codec can't decode byte 0xae in position 10: invalid start byte
2021-03-18 00:02:27,564 ERROR ExecptionType: <class 'UnicodeDecodeError'> FILE: search_files.py LINE:60  'utf-8' codec can't decode byte 0x89 in position 0: invalid start byte
2021-03-18 00:02:27,564 ERROR ExecptionType: <class 'UnicodeDecodeError'> FILE: search_files.py LINE:60  'utf-8' codec can't decode byte 0xff in position 0: invalid start byte
2021-03-18 00:02:27,611 ERROR ExecptionType: <class 'UnicodeDecodeError'> FILE: search_files.py LINE:60  'utf-8' codec can't decode byte 0x89 in position 0: invalid start byte
2021-03-18 00:02:27,611 ERROR ExecptionType: <class 'UnicodeDecodeError'> FILE: search_files.py LINE:60  'utf-8' codec can't decode byte 0x89 in position 0: invalid start byte
2021-03-18 00:02:27,611 ERROR ExecptionType: <class 'UnicodeDecodeError'> FILE: search_files.py LINE:60  'utf-8' codec can't decode byte 0x89 in position 0: invalid start byte
2021-03-18 00:02:27,611 ERROR ExecptionType: <class 'UnicodeDecodeError'> FILE: search_files.py LINE:60  'utf-8' codec can't decode byte 0x89 in position 0: invalid start byte
2021-03-18 00:02:27,611 ERROR ExecptionType: <class 'UnicodeDecodeError'> FILE: search_files.py LINE:60  'utf-8' codec can't decode byte 0x89 in position 0: invalid start byte
2021-03-18 00:02:27,611 ERROR ExecptionType: <class 'UnicodeDecodeError'> FILE: search_files.py LINE:60  'utf-8' codec can't decode byte 0x89 in position 0: invalid start byte
2021-03-18 00:02:27,611 ERROR ExecptionType: <class 'UnicodeDecodeError'> FILE: search_files.py LINE:60  'utf-8' codec can't decode byte 0x89 in position 0: invalid start byte
2021-03-18 00:02:27,626 ERROR ExecptionType: <class 'UnicodeDecodeError'> FILE: search_files.py LINE:60  'utf-8' codec can't decode byte 0x89 in position 0: invalid start byte
2021-03-18 00:02:27,626 ERROR ExecptionType: <class 'UnicodeDecodeError'> FILE: search_files.py LINE:60  'utf-8' codec can't decode byte 0x89 in position 0: invalid start byte
2021-03-18 00:02:27,626 ERROR ExecptionType: <class 'UnicodeDecodeError'> FILE: search_files.py LINE:60  'utf-8' codec can't decode byte 0x89 in position 0: invalid start byte
2021-03-18 00:05:13,483 ERROR ExecptionType: <class 'UnicodeDecodeError'> FILE: search_files.py LINE:60  'utf-8' codec can't decode byte 0x89 in position 0: invalid start byte
2021-03-18 00:05:13,483 ERROR ExecptionType: <class 'UnicodeDecodeError'> FILE: search_files.py LINE:60  'utf-8' codec can't decode byte 0x89 in position 0: invalid start byte
2021-03-18 00:05:13,483 ERROR ExecptionType: <class 'UnicodeDecodeError'> FILE: search_files.py LINE:60  'utf-8' codec can't decode byte 0x89 in position 0: invalid start byte
2021-03-18 00:05:13,499 ERROR ExecptionType: <class 'UnicodeDecodeError'> FILE: search_files.py LINE:60  'utf-8' codec can't decode byte 0x89 in position 0: invalid start byte
2021-03-18 00:05:13,499 ERROR ExecptionType: <class 'UnicodeDecodeError'> FILE: search_files.py LINE:60  'utf-8' codec can't decode byte 0x89 in position 0: invalid start byte
2021-03-18 00:05:13,499 ERROR ExecptionType: <class 'UnicodeDecodeError'> FILE: search_files.py LINE:60  'utf-8' codec can't decode byte 0x89 in position 0: invalid start byte
2021-03-18 00:05:13,499 ERROR ExecptionType: <class 'UnicodeDecodeError'> FILE: search_files.py LINE:60  'utf-8' codec can't decode byte 0x89 in position 0: invalid start byte
2021-03-18 00:05:13,499 ERROR ExecptionType: <class 'UnicodeDecodeError'> FILE: search_files.py LINE:60  'utf-8' codec can't decode byte 0x89 in position 0: invalid start byte
2021-03-18 00:05:13,499 ERROR ExecptionType: <class 'UnicodeDecodeError'> FILE: search_files.py LINE:60  'utf-8' codec can't decode byte 0x89 in position 0: invalid start byte
2021-03-18 00:05:13,499 ERROR ExecptionType: <class 'UnicodeDecodeError'> FILE: search_files.py LINE:60  'utf-8' codec can't decode byte 0x89 in position 0: invalid start byte
2021-03-18 00:05:13,499 ERROR ExecptionType: <class 'UnicodeDecodeError'> FILE: search_files.py LINE:60  'utf-8' codec can't decode byte 0x89 in position 0: invalid start byte
2021-03-18 00:05:13,499 ERROR ExecptionType: <class 'UnicodeDecodeError'> FILE: search_files.py LINE:60  'utf-8' codec can't decode byte 0x89 in position 0: invalid start byte
2021-03-18 00:05:13,499 ERROR ExecptionType: <class 'UnicodeDecodeError'> FILE: search_files.py LINE:60  'utf-8' codec can't decode byte 0x89 in position 0: invalid start byte
2021-03-18 00:05:13,499 ERROR ExecptionType: <class 'UnicodeDecodeError'> FILE: search_files.py LINE:60  'utf-8' codec can't decode byte 0xff in position 0: invalid start byte
2021-03-18 00:05:13,499 ERROR ExecptionType: <class 'UnicodeDecodeError'> FILE: search_files.py LINE:60  'utf-8' codec can't decode byte 0x89 in position 0: invalid start byte
2021-03-18 00:05:13,499 ERROR ExecptionType: <class 'UnicodeDecodeError'> FILE: search_files.py LINE:60  'utf-8' codec can't decode byte 0x89 in position 0: invalid start byte
2021-03-18 00:05:13,499 ERROR ExecptionType: <class 'UnicodeDecodeError'> FILE: search_files.py LINE:60  'utf-8' codec can't decode byte 0x89 in position 0: invalid start byte
2021-03-18 00:05:13,499 ERROR ExecptionType: <class 'UnicodeDecodeError'> FILE: search_files.py LINE:60  'utf-8' codec can't decode byte 0x89 in position 0: invalid start byte
2021-03-18 00:05:13,499 ERROR ExecptionType: <class 'UnicodeDecodeError'> FILE: search_files.py LINE:60  'utf-8' codec can't decode byte 0x89 in position 0: invalid start byte
2021-03-18 00:05:13,499 ERROR ExecptionType: <class 'UnicodeDecodeError'> FILE: search_files.py LINE:60  'utf-8' codec can't decode byte 0x89 in position 0: invalid start byte
2021-03-18 00:05:13,499 ERROR ExecptionType: <class 'UnicodeDecodeError'> FILE: search_files.py LINE:60  'utf-8' codec can't decode byte 0x89 in position 0: invalid start byte
2021-03-18 00:05:13,499 ERROR ExecptionType: <class 'UnicodeDecodeError'> FILE: search_files.py LINE:60  'utf-8' codec can't decode byte 0xff in position 0: invalid start byte
2021-03-18 00:05:13,499 ERROR ExecptionType: <class 'UnicodeDecodeError'> FILE: search_files.py LINE:60  'utf-8' codec can't decode byte 0x89 in position 0: invalid start byte
2021-03-18 00:05:13,499 ERROR ExecptionType: <class 'UnicodeDecodeError'> FILE: search_files.py LINE:60  'utf-8' codec can't decode byte 0x89 in position 0: invalid start byte
2021-03-18 00:05:13,499 ERROR ExecptionType: <class 'UnicodeDecodeError'> FILE: search_files.py LINE:60  'utf-8' codec can't decode byte 0xff in position 0: invalid start byte
2021-03-18 00:05:13,499 ERROR ExecptionType: <class 'UnicodeDecodeError'> FILE: search_files.py LINE:60  'utf-8' codec can't decode byte 0x89 in position 0: invalid start byte
2021-03-18 00:05:13,499 ERROR ExecptionType: <class 'UnicodeDecodeError'> FILE: search_files.py LINE:60  'utf-8' codec can't decode byte 0x89 in position 0: invalid start byte
2021-03-18 00:05:13,499 ERROR ExecptionType: <class 'UnicodeDecodeError'> FILE: search_files.py LINE:60  'utf-8' codec can't decode byte 0x89 in position 0: invalid start byte
2021-03-18 00:05:13,499 ERROR ExecptionType: <class 'UnicodeDecodeError'> FILE: search_files.py LINE:60  'utf-8' codec can't decode byte 0x89 in position 0: invalid start byte
2021-03-18 00:05:13,499 ERROR ExecptionType: <class 'UnicodeDecodeError'> FILE: search_files.py LINE:60  'utf-8' codec can't decode byte 0x89 in position 0: invalid start byte
2021-03-18 00:05:13,499 ERROR ExecptionType: <class 'UnicodeDecodeError'> FILE: search_files.py LINE:60  'utf-8' codec can't decode byte 0x89 in position 0: invalid start byte
2021-03-18 00:05:13,499 ERROR ExecptionType: <class 'UnicodeDecodeError'> FILE: search_files.py LINE:60  'utf-8' codec can't decode byte 0x89 in position 0: invalid start byte
2021-03-18 00:05:13,499 ERROR ExecptionType: <class 'UnicodeDecodeError'> FILE: search_files.py LINE:60  'utf-8' codec can't decode byte 0x89 in position 0: invalid start byte
2021-03-18 00:05:13,499 ERROR ExecptionType: <class 'UnicodeDecodeError'> FILE: search_files.py LINE:60  'utf-8' codec can't decode byte 0x89 in position 0: invalid start byte
2021-03-18 00:05:13,499 ERROR ExecptionType: <class 'UnicodeDecodeError'> FILE: search_files.py LINE:60  'utf-8' codec can't decode byte 0x89 in position 0: invalid start byte
2021-03-18 00:05:13,499 ERROR ExecptionType: <class 'UnicodeDecodeError'> FILE: search_files.py LINE:60  'utf-8' codec can't decode byte 0x89 in position 0: invalid start byte
2021-03-18 00:05:13,499 ERROR ExecptionType: <class 'UnicodeDecodeError'> FILE: search_files.py LINE:60  'utf-8' codec can't decode byte 0x89 in position 0: invalid start byte
2021-03-18 00:05:13,499 ERROR ExecptionType: <class 'UnicodeDecodeError'> FILE: search_files.py LINE:60  'utf-8' codec can't decode byte 0x89 in position 0: invalid start byte
2021-03-18 00:05:13,499 ERROR ExecptionType: <class 'UnicodeDecodeError'> FILE: search_files.py LINE:60  'utf-8' codec can't decode byte 0x89 in position 0: invalid start byte
2021-03-18 00:05:13,499 ERROR ExecptionType: <class 'UnicodeDecodeError'> FILE: search_files.py LINE:60  'utf-8' codec can't decode byte 0x89 in position 0: invalid start byte
2021-03-18 00:05:13,499 ERROR ExecptionType: <class 'UnicodeDecodeError'> FILE: search_files.py LINE:60  'utf-8' codec can't decode byte 0x89 in position 0: invalid start byte
2021-03-18 00:05:13,499 ERROR ExecptionType: <class 'UnicodeDecodeError'> FILE: search_files.py LINE:60  'utf-8' codec can't decode byte 0x89 in position 0: invalid start byte
2021-03-18 00:05:13,499 ERROR ExecptionType: <class 'UnicodeDecodeError'> FILE: search_files.py LINE:60  'utf-8' codec can't decode byte 0x89 in position 0: invalid start byte
2021-03-18 00:05:13,499 ERROR ExecptionType: <class 'UnicodeDecodeError'> FILE: search_files.py LINE:60  'utf-8' codec can't decode byte 0x89 in position 0: invalid start byte
2021-03-18 00:05:13,499 ERROR ExecptionType: <class 'UnicodeDecodeError'> FILE: search_files.py LINE:60  'utf-8' codec can't decode byte 0xff in position 0: invalid start byte
2021-03-18 00:05:13,499 ERROR ExecptionType: <class 'UnicodeDecodeError'> FILE: search_files.py LINE:60  'utf-8' codec can't decode byte 0x80 in position 7: invalid start byte
2021-03-18 00:05:13,499 ERROR ExecptionType: <class 'UnicodeDecodeError'> FILE: search_files.py LINE:60  'utf-8' codec can't decode byte 0x83 in position 18: invalid start byte
2021-03-18 00:05:13,499 ERROR ExecptionType: <class 'UnicodeDecodeError'> FILE: search_files.py LINE:60  'utf-8' codec can't decode byte 0x95 in position 10: invalid start byte
2021-03-18 00:05:13,499 ERROR ExecptionType: <class 'UnicodeDecodeError'> FILE: search_files.py LINE:60  'utf-8' codec can't decode byte 0xbe in position 0: invalid start byte
2021-03-18 00:05:13,499 ERROR ExecptionType: <class 'UnicodeDecodeError'> FILE: search_files.py LINE:60  'utf-8' codec can't decode byte 0xe6 in position 18: invalid continuation byte
2021-03-18 00:05:13,499 ERROR ExecptionType: <class 'UnicodeDecodeError'> FILE: search_files.py LINE:60  'utf-8' codec can't decode byte 0x84 in position 18: invalid start byte
2021-03-18 00:05:13,499 ERROR ExecptionType: <class 'UnicodeDecodeError'> FILE: search_files.py LINE:60  'utf-8' codec can't decode byte 0xae in position 10: invalid start byte
2021-03-18 00:05:13,562 ERROR ExecptionType: <class 'UnicodeDecodeError'> FILE: search_files.py LINE:60  'utf-8' codec can't decode byte 0x89 in position 0: invalid start byte
2021-03-18 00:05:13,562 ERROR ExecptionType: <class 'UnicodeDecodeError'> FILE: search_files.py LINE:60  'utf-8' codec can't decode byte 0xff in position 0: invalid start byte
2021-03-18 00:05:13,593 ERROR ExecptionType: <class 'IndexError'> FILE: search_files.py LINE:68  list index out of range
2021-03-18 00:05:13,655 ERROR ExecptionType: <class 'UnicodeDecodeError'> FILE: search_files.py LINE:60  'utf-8' codec can't decode byte 0x89 in position 0: invalid start byte
2021-03-18 00:05:13,655 ERROR ExecptionType: <class 'UnicodeDecodeError'> FILE: search_files.py LINE:60  'utf-8' codec can't decode byte 0x89 in position 0: invalid start byte
2021-03-18 00:05:13,655 ERROR ExecptionType: <class 'UnicodeDecodeError'> FILE: search_files.py LINE:60  'utf-8' codec can't decode byte 0x89 in position 0: invalid start byte
2021-03-18 00:05:13,655 ERROR ExecptionType: <class 'UnicodeDecodeError'> FILE: search_files.py LINE:60  'utf-8' codec can't decode byte 0x89 in position 0: invalid start byte
2021-03-18 00:05:13,655 ERROR ExecptionType: <class 'UnicodeDecodeError'> FILE: search_files.py LINE:60  'utf-8' codec can't decode byte 0x89 in position 0: invalid start byte
2021-03-18 00:05:13,687 ERROR ExecptionType: <class 'UnicodeDecodeError'> FILE: search_files.py LINE:60  'utf-8' codec can't decode byte 0x89 in position 0: invalid start byte
2021-03-18 00:05:13,687 ERROR ExecptionType: <class 'UnicodeDecodeError'> FILE: search_files.py LINE:60  'utf-8' codec can't decode byte 0x89 in position 0: invalid start byte
2021-03-18 00:05:13,687 ERROR ExecptionType: <class 'UnicodeDecodeError'> FILE: search_files.py LINE:60  'utf-8' codec can't decode byte 0x89 in position 0: invalid start byte
2021-03-18 00:05:13,687 ERROR ExecptionType: <class 'UnicodeDecodeError'> FILE: search_files.py LINE:60  'utf-8' codec can't decode byte 0x89 in position 0: invalid start byte
2021-03-18 00:05:13,687 ERROR ExecptionType: <class 'UnicodeDecodeError'> FILE: search_files.py LINE:60  'utf-8' codec can't decode byte 0x89 in position 0: invalid start byte
