2021-03-17 23:56:02,801 ERROR ExecptionType: <class 'UnicodeDecodeError'> FILE: search_files.py LINE:59  'utf-8' codec can't decode byte 0x89 in position 0: invalid start byte
2021-03-17 23:56:02,801 ERROR ExecptionType: <class 'UnicodeDecodeError'> FILE: search_files.py LINE:59  'utf-8' codec can't decode byte 0x89 in position 0: invalid start byte
2021-03-17 23:56:02,801 ERROR ExecptionType: <class 'UnicodeDecodeError'> FILE: search_files.py LINE:59  'utf-8' codec can't decode byte 0x89 in position 0: invalid start byte
2021-03-17 23:56:02,801 ERROR ExecptionType: <class 'UnicodeDecodeError'> FILE: search_files.py LINE:59  'utf-8' codec can't decode byte 0x89 in position 0: invalid start byte
2021-03-17 23:56:02,801 ERROR ExecptionType: <class 'UnicodeDecodeError'> FILE: search_files.py LINE:59  'utf-8' codec can't decode byte 0x89 in position 0: invalid start byte
2021-03-17 23:56:02,801 ERROR ExecptionType: <class 'UnicodeDecodeError'> FILE: search_files.py LINE:59  'utf-8' codec can't decode byte 0x89 in position 0: invalid start byte
2021-03-17 23:56:02,801 ERROR ExecptionType: <class 'UnicodeDecodeError'> FILE: search_files.py LINE:59  'utf-8' codec can't decode byte 0x89 in position 0: invalid start byte
2021-03-17 23:56:02,801 ERROR ExecptionType: <class 'UnicodeDecodeError'> FILE: search_files.py LINE:59  'utf-8' codec can't decode byte 0x89 in position 0: invalid start byte
2021-03-17 23:56:02,801 ERROR ExecptionType: <class 'UnicodeDecodeError'> FILE: search_files.py LINE:59  'utf-8' codec can't decode byte 0x89 in position 0: invalid start byte
2021-03-17 23:56:02,801 ERROR ExecptionType: <class 'UnicodeDecodeError'> FILE: search_files.py LINE:59  'utf-8' codec can't decode byte 0x89 in position 0: invalid start byte
2021-03-17 23:56:02,801 ERROR ExecptionType: <class 'UnicodeDecodeError'> FILE: search_files.py LINE:59  'utf-8' codec can't decode byte 0x89 in position 0: invalid start byte
2021-03-17 23:56:02,801 ERROR ExecptionType: <class 'UnicodeDecodeError'> FILE: search_files.py LINE:59  'utf-8' codec can't decode byte 0x89 in position 0: invalid start byte
2021-03-17 23:56:02,801 ERROR ExecptionType: <class 'UnicodeDecodeError'> FILE: search_files.py LINE:59  'utf-8' codec can't decode byte 0x89 in position 0: invalid start byte
2021-03-17 23:56:02,816 ERROR ExecptionType: <class 'UnicodeDecodeError'> FILE: search_files.py LINE:59  'utf-8' codec can't decode byte 0xff in position 0: invalid start byte
2021-03-17 23:56:02,816 ERROR ExecptionType: <class 'UnicodeDecodeError'> FILE: search_files.py LINE:59  'utf-8' codec can't decode byte 0x89 in position 0: invalid start byte
2021-03-17 23:56:02,816 ERROR ExecptionType: <class 'UnicodeDecodeError'> FILE: search_files.py LINE:59  'utf-8' codec can't decode byte 0x89 in position 0: invalid start byte
2021-03-17 23:56:02,816 ERROR ExecptionType: <class 'UnicodeDecodeError'> FILE: search_files.py LINE:59  'utf-8' codec can't decode byte 0x89 in position 0: invalid start byte
2021-03-17 23:56:02,816 ERROR ExecptionType: <class 'UnicodeDecodeError'> FILE: search_files.py LINE:59  'utf-8' codec can't decode byte 0x89 in position 0: invalid start byte
2021-03-17 23:56:02,816 ERROR ExecptionType: <class 'UnicodeDecodeError'> FILE: search_files.py LINE:59  'utf-8' codec can't decode byte 0x89 in position 0: invalid start byte
2021-03-17 23:56:02,816 ERROR ExecptionType: <class 'UnicodeDecodeError'> FILE: search_files.py LINE:59  'utf-8' codec can't decode byte 0x89 in position 0: invalid start byte
2021-03-17 23:56:02,816 ERROR ExecptionType: <class 'UnicodeDecodeError'> FILE: search_files.py LINE:59  'utf-8' codec can't decode byte 0x89 in position 0: invalid start byte
2021-03-17 23:56:02,816 ERROR ExecptionType: <class 'UnicodeDecodeError'> FILE: search_files.py LINE:59  'utf-8' codec can't decode byte 0xff in position 0: invalid start byte
2021-03-17 23:56:02,816 ERROR ExecptionType: <class 'UnicodeDecodeError'> FILE: search_files.py LINE:59  'utf-8' codec can't decode byte 0x89 in position 0: invalid start byte
2021-03-17 23:56:02,816 ERROR ExecptionType: <class 'UnicodeDecodeError'> FILE: search_files.py LINE:59  'utf-8' codec can't decode byte 0x89 in position 0: invalid start byte
2021-03-17 23:56:02,816 ERROR ExecptionType: <class 'UnicodeDecodeError'> FILE: search_files.py LINE:59  'utf-8' codec can't decode byte 0xff in position 0: invalid start byte
2021-03-17 23:56:02,816 ERROR ExecptionType: <class 'UnicodeDecodeError'> FILE: search_files.py LINE:59  'utf-8' codec can't decode byte 0x89 in position 0: invalid start byte
2021-03-17 23:56:02,816 ERROR ExecptionType: <class 'UnicodeDecodeError'> FILE: search_files.py LINE:59  'utf-8' codec can't decode byte 0x89 in position 0: invalid start byte
2021-03-17 23:56:02,816 ERROR ExecptionType: <class 'UnicodeDecodeError'> FILE: search_files.py LINE:59  'utf-8' codec can't decode byte 0x89 in position 0: invalid start byte
2021-03-17 23:56:02,816 ERROR ExecptionType: <class 'UnicodeDecodeError'> FILE: search_files.py LINE:59  'utf-8' codec can't decode byte 0x89 in position 0: invalid start byte
2021-03-17 23:56:02,816 ERROR ExecptionType: <class 'UnicodeDecodeError'> FILE: search_files.py LINE:59  'utf-8' codec can't decode byte 0x89 in position 0: invalid start byte
2021-03-17 23:56:02,816 ERROR ExecptionType: <class 'UnicodeDecodeError'> FILE: search_files.py LINE:59  'utf-8' codec can't decode byte 0x89 in position 0: invalid start byte
2021-03-17 23:56:02,816 ERROR ExecptionType: <class 'UnicodeDecodeError'> FILE: search_files.py LINE:59  'utf-8' codec can't decode byte 0x89 in position 0: invalid start byte
2021-03-17 23:56:02,816 ERROR ExecptionType: <class 'UnicodeDecodeError'> FILE: search_files.py LINE:59  'utf-8' codec can't decode byte 0x89 in position 0: invalid start byte
2021-03-17 23:56:02,816 ERROR ExecptionType: <class 'UnicodeDecodeError'> FILE: search_files.py LINE:59  'utf-8' codec can't decode byte 0x89 in position 0: invalid start byte
2021-03-17 23:56:02,816 ERROR ExecptionType: <class 'UnicodeDecodeError'> FILE: search_files.py LINE:59  'utf-8' codec can't decode byte 0x89 in position 0: invalid start byte
2021-03-17 23:56:02,816 ERROR ExecptionType: <class 'UnicodeDecodeError'> FILE: search_files.py LINE:59  'utf-8' codec can't decode byte 0x89 in position 0: invalid start byte
2021-03-17 23:56:02,816 ERROR ExecptionType: <class 'UnicodeDecodeError'> FILE: search_files.py LINE:59  'utf-8' codec can't decode byte 0x89 in position 0: invalid start byte
2021-03-17 23:56:02,816 ERROR ExecptionType: <class 'UnicodeDecodeError'> FILE: search_files.py LINE:59  'utf-8' codec can't decode byte 0x89 in position 0: invalid start byte
2021-03-17 23:56:02,816 ERROR ExecptionType: <class 'UnicodeDecodeError'> FILE: search_files.py LINE:59  'utf-8' codec can't decode byte 0x89 in position 0: invalid start byte
2021-03-17 23:56:02,816 ERROR ExecptionType: <class 'UnicodeDecodeError'> FILE: search_files.py LINE:59  'utf-8' codec can't decode byte 0x89 in position 0: invalid start byte
2021-03-17 23:56:02,816 ERROR ExecptionType: <class 'UnicodeDecodeError'> FILE: search_files.py LINE:59  'utf-8' codec can't decode byte 0x89 in position 0: invalid start byte
2021-03-17 23:56:02,816 ERROR ExecptionType: <class 'UnicodeDecodeError'> FILE: search_files.py LINE:59  'utf-8' codec can't decode byte 0x89 in position 0: invalid start byte
2021-03-17 23:56:02,816 ERROR ExecptionType: <class 'UnicodeDecodeError'> FILE: search_files.py LINE:59  'utf-8' codec can't decode byte 0x89 in position 0: invalid start byte
2021-03-17 23:56:02,816 ERROR ExecptionType: <class 'UnicodeDecodeError'> FILE: search_files.py LINE:59  'utf-8' codec can't decode byte 0x89 in position 0: invalid start byte
2021-03-17 23:56:02,816 ERROR ExecptionType: <class 'UnicodeDecodeError'> FILE: search_files.py LINE:59  'utf-8' codec can't decode byte 0xff in position 0: invalid start byte
2021-03-17 23:56:02,816 ERROR ExecptionType: <class 'UnicodeDecodeError'> FILE: search_files.py LINE:59  'utf-8' codec can't decode byte 0x80 in position 7: invalid start byte
2021-03-17 23:56:02,816 ERROR ExecptionType: <class 'UnicodeDecodeError'> FILE: search_files.py LINE:59  'utf-8' codec can't decode byte 0x83 in position 18: invalid start byte
2021-03-17 23:56:02,816 ERROR ExecptionType: <class 'UnicodeDecodeError'> FILE: search_files.py LINE:59  'utf-8' codec can't decode byte 0x95 in position 10: invalid start byte
2021-03-17 23:56:02,816 ERROR ExecptionType: <class 'UnicodeDecodeError'> FILE: search_files.py LINE:59  'utf-8' codec can't decode byte 0xbe in position 0: invalid start byte
2021-03-17 23:56:02,816 ERROR ExecptionType: <class 'UnicodeDecodeError'> FILE: search_files.py LINE:59  'utf-8' codec can't decode byte 0xe6 in position 18: invalid continuation byte
2021-03-17 23:56:02,816 ERROR ExecptionType: <class 'UnicodeDecodeError'> FILE: search_files.py LINE:59  'utf-8' codec can't decode byte 0x84 in position 18: invalid start byte
2021-03-17 23:56:02,816 ERROR ExecptionType: <class 'UnicodeDecodeError'> FILE: search_files.py LINE:59  'utf-8' codec can't decode byte 0xae in position 10: invalid start byte
2021-03-17 23:56:02,848 ERROR ExecptionType: <class 'UnicodeDecodeError'> FILE: search_files.py LINE:59  'utf-8' codec can't decode byte 0x89 in position 0: invalid start byte
2021-03-17 23:56:02,848 ERROR ExecptionType: <class 'UnicodeDecodeError'> FILE: search_files.py LINE:59  'utf-8' codec can't decode byte 0xff in position 0: invalid start byte
2021-03-17 23:56:02,879 ERROR ExecptionType: <class 'UnicodeDecodeError'> FILE: search_files.py LINE:59  'utf-8' codec can't decode byte 0x89 in position 0: invalid start byte
2021-03-17 23:56:02,879 ERROR ExecptionType: <class 'UnicodeDecodeError'> FILE: search_files.py LINE:59  'utf-8' codec can't decode byte 0x89 in position 0: invalid start byte
2021-03-17 23:56:02,879 ERROR ExecptionType: <class 'UnicodeDecodeError'> FILE: search_files.py LINE:59  'utf-8' codec can't decode byte 0x89 in position 0: invalid start byte
2021-03-17 23:56:02,879 ERROR ExecptionType: <class 'UnicodeDecodeError'> FILE: search_files.py LINE:59  'utf-8' codec can't decode byte 0x89 in position 0: invalid start byte
2021-03-17 23:56:02,879 ERROR ExecptionType: <class 'UnicodeDecodeError'> FILE: search_files.py LINE:59  'utf-8' codec can't decode byte 0x89 in position 0: invalid start byte
2021-03-17 23:56:02,895 ERROR ExecptionType: <class 'UnicodeDecodeError'> FILE: search_files.py LINE:59  'utf-8' codec can't decode byte 0x89 in position 0: invalid start byte
2021-03-17 23:56:02,895 ERROR ExecptionType: <class 'UnicodeDecodeError'> FILE: search_files.py LINE:59  'utf-8' codec can't decode byte 0x89 in position 0: invalid start byte
2021-03-17 23:56:02,895 ERROR ExecptionType: <class 'UnicodeDecodeError'> FILE: search_files.py LINE:59  'utf-8' codec can't decode byte 0x89 in position 0: invalid start byte
2021-03-17 23:56:02,895 ERROR ExecptionType: <class 'UnicodeDecodeError'> FILE: search_files.py LINE:59  'utf-8' codec can't decode byte 0x89 in position 0: invalid start byte
2021-03-17 23:56:02,895 ERROR ExecptionType: <class 'UnicodeDecodeError'> FILE: search_files.py LINE:59  'utf-8' codec can't decode byte 0x89 in position 0: invalid start byte
2021-03-17 23:57:55,265 ERROR ExecptionType: <class 'UnicodeDecodeError'> FILE: search_files.py LINE:59  'utf-8' codec can't decode byte 0x89 in position 0: invalid start byte
2021-03-17 23:57:55,265 ERROR ExecptionType: <class 'UnicodeDecodeError'> FILE: search_files.py LINE:59  'utf-8' codec can't decode byte 0x89 in position 0: invalid start byte
2021-03-17 23:57:55,265 ERROR ExecptionType: <class 'UnicodeDecodeError'> FILE: search_files.py LINE:59  'utf-8' codec can't decode byte 0x89 in position 0: invalid start byte
2021-03-17 23:57:55,265 ERROR ExecptionType: <class 'UnicodeDecodeError'> FILE: search_files.py LINE:59  'utf-8' codec can't decode byte 0x89 in position 0: invalid start byte
2021-03-17 23:57:55,265 ERROR ExecptionType: <class 'UnicodeDecodeError'> FILE: search_files.py LINE:59  'utf-8' codec can't decode byte 0x89 in position 0: invalid start byte
2021-03-17 23:57:55,265 ERROR ExecptionType: <class 'UnicodeDecodeError'> FILE: search_files.py LINE:59  'utf-8' codec can't decode byte 0x89 in position 0: invalid start byte
2021-03-17 23:57:55,265 ERROR ExecptionType: <class 'UnicodeDecodeError'> FILE: search_files.py LINE:59  'utf-8' codec can't decode byte 0x89 in position 0: invalid start byte
2021-03-17 23:57:55,265 ERROR ExecptionType: <class 'UnicodeDecodeError'> FILE: search_files.py LINE:59  'utf-8' codec can't decode byte 0x89 in position 0: invalid start byte
2021-03-17 23:57:55,265 ERROR ExecptionType: <class 'UnicodeDecodeError'> FILE: search_files.py LINE:59  'utf-8' codec can't decode byte 0x89 in position 0: invalid start byte
2021-03-17 23:57:55,265 ERROR ExecptionType: <class 'UnicodeDecodeError'> FILE: search_files.py LINE:59  'utf-8' codec can't decode byte 0x89 in position 0: invalid start byte
2021-03-17 23:57:55,265 ERROR ExecptionType: <class 'UnicodeDecodeError'> FILE: search_files.py LINE:59  'utf-8' codec can't decode byte 0x89 in position 0: invalid start byte
2021-03-17 23:57:55,265 ERROR ExecptionType: <class 'UnicodeDecodeError'> FILE: search_files.py LINE:59  'utf-8' codec can't decode byte 0x89 in position 0: invalid start byte
2021-03-17 23:57:55,265 ERROR ExecptionType: <class 'UnicodeDecodeError'> FILE: search_files.py LINE:59  'utf-8' codec can't decode byte 0x89 in position 0: invalid start byte
2021-03-17 23:57:55,265 ERROR ExecptionType: <class 'UnicodeDecodeError'> FILE: search_files.py LINE:59  'utf-8' codec can't decode byte 0xff in position 0: invalid start byte
2021-03-17 23:57:55,265 ERROR ExecptionType: <class 'UnicodeDecodeError'> FILE: search_files.py LINE:59  'utf-8' codec can't decode byte 0x89 in position 0: invalid start byte
2021-03-17 23:57:55,265 ERROR ExecptionType: <class 'UnicodeDecodeError'> FILE: search_files.py LINE:59  'utf-8' codec can't decode byte 0x89 in position 0: invalid start byte
2021-03-17 23:57:55,265 ERROR ExecptionType: <class 'UnicodeDecodeError'> FILE: search_files.py LINE:59  'utf-8' codec can't decode byte 0x89 in position 0: invalid start byte
2021-03-17 23:57:55,265 ERROR ExecptionType: <class 'UnicodeDecodeError'> FILE: search_files.py LINE:59  'utf-8' codec can't decode byte 0x89 in position 0: invalid start byte
2021-03-17 23:57:55,265 ERROR ExecptionType: <class 'UnicodeDecodeError'> FILE: search_files.py LINE:59  'utf-8' codec can't decode byte 0x89 in position 0: invalid start byte
2021-03-17 23:57:55,265 ERROR ExecptionType: <class 'UnicodeDecodeError'> FILE: search_files.py LINE:59  'utf-8' codec can't decode byte 0x89 in position 0: invalid start byte
2021-03-17 23:57:55,265 ERROR ExecptionType: <class 'UnicodeDecodeError'> FILE: search_files.py LINE:59  'utf-8' codec can't decode byte 0x89 in position 0: invalid start byte
2021-03-17 23:57:55,265 ERROR ExecptionType: <class 'UnicodeDecodeError'> FILE: search_files.py LINE:59  'utf-8' codec can't decode byte 0xff in position 0: invalid start byte
2021-03-17 23:57:55,265 ERROR ExecptionType: <class 'UnicodeDecodeError'> FILE: search_files.py LINE:59  'utf-8' codec can't decode byte 0x89 in position 0: invalid start byte
2021-03-17 23:57:55,265 ERROR ExecptionType: <class 'UnicodeDecodeError'> FILE: search_files.py LINE:59  'utf-8' codec can't decode byte 0x89 in position 0: invalid start byte
2021-03-17 23:57:55,265 ERROR ExecptionType: <class 'UnicodeDecodeError'> FILE: search_files.py LINE:59  'utf-8' codec can't decode byte 0xff in position 0: invalid start byte
2021-03-17 23:57:55,265 ERROR ExecptionType: <class 'UnicodeDecodeError'> FILE: search_files.py LINE:59  'utf-8' codec can't decode byte 0x89 in position 0: invalid start byte
2021-03-17 23:57:55,265 ERROR ExecptionType: <class 'UnicodeDecodeError'> FILE: search_files.py LINE:59  'utf-8' codec can't decode byte 0x89 in position 0: invalid start byte
2021-03-17 23:57:55,265 ERROR ExecptionType: <class 'UnicodeDecodeError'> FILE: search_files.py LINE:59  'utf-8' codec can't decode byte 0x89 in position 0: invalid start byte
2021-03-17 23:57:55,265 ERROR ExecptionType: <class 'UnicodeDecodeError'> FILE: search_files.py LINE:59  'utf-8' codec can't decode byte 0x89 in position 0: invalid start byte
2021-03-17 23:57:55,265 ERROR ExecptionType: <class 'UnicodeDecodeError'> FILE: search_files.py LINE:59  'utf-8' codec can't decode byte 0x89 in position 0: invalid start byte
2021-03-17 23:57:55,265 ERROR ExecptionType: <class 'UnicodeDecodeError'> FILE: search_files.py LINE:59  'utf-8' codec can't decode byte 0x89 in position 0: invalid start byte
2021-03-17 23:57:55,265 ERROR ExecptionType: <class 'UnicodeDecodeError'> FILE: search_files.py LINE:59  'utf-8' codec can't decode byte 0x89 in position 0: invalid start byte
2021-03-17 23:57:55,265 ERROR ExecptionType: <class 'UnicodeDecodeError'> FILE: search_files.py LINE:59  'utf-8' codec can't decode byte 0x89 in position 0: invalid start byte
2021-03-17 23:57:55,281 ERROR ExecptionType: <class 'UnicodeDecodeError'> FILE: search_files.py LINE:59  'utf-8' codec can't decode byte 0x89 in position 0: invalid start byte
2021-03-17 23:57:55,281 ERROR ExecptionType: <class 'UnicodeDecodeError'> FILE: search_files.py LINE:59  'utf-8' codec can't decode byte 0x89 in position 0: invalid start byte
2021-03-17 23:57:55,281 ERROR ExecptionType: <class 'UnicodeDecodeError'> FILE: search_files.py LINE:59  'utf-8' codec can't decode byte 0x89 in position 0: invalid start byte
2021-03-17 23:57:55,281 ERROR ExecptionType: <class 'UnicodeDecodeError'> FILE: search_files.py LINE:59  'utf-8' codec can't decode byte 0x89 in position 0: invalid start byte
2021-03-17 23:57:55,281 ERROR ExecptionType: <class 'UnicodeDecodeError'> FILE: search_files.py LINE:59  'utf-8' codec can't decode byte 0x89 in position 0: invalid start byte
2021-03-17 23:57:55,281 ERROR ExecptionType: <class 'UnicodeDecodeError'> FILE: search_files.py LINE:59  'utf-8' codec can't decode byte 0x89 in position 0: invalid start byte
2021-03-17 23:57:55,282 ERROR ExecptionType: <class 'UnicodeDecodeError'> FILE: search_files.py LINE:59  'utf-8' codec can't decode byte 0x89 in position 0: invalid start byte
2021-03-17 23:57:55,282 ERROR ExecptionType: <class 'UnicodeDecodeError'> FILE: search_files.py LINE:59  'utf-8' codec can't decode byte 0x89 in position 0: invalid start byte
2021-03-17 23:57:55,282 ERROR ExecptionType: <class 'UnicodeDecodeError'> FILE: search_files.py LINE:59  'utf-8' codec can't decode byte 0x89 in position 0: invalid start byte
2021-03-17 23:57:55,282 ERROR ExecptionType: <class 'UnicodeDecodeError'> FILE: search_files.py LINE:59  'utf-8' codec can't decode byte 0x89 in position 0: invalid start byte
2021-03-17 23:57:55,286 ERROR ExecptionType: <class 'UnicodeDecodeError'> FILE: search_files.py LINE:59  'utf-8' codec can't decode byte 0x89 in position 0: invalid start byte
2021-03-17 23:57:55,287 ERROR ExecptionType: <class 'UnicodeDecodeError'> FILE: search_files.py LINE:59  'utf-8' codec can't decode byte 0xff in position 0: invalid start byte
2021-03-17 23:57:55,288 ERROR ExecptionType: <class 'UnicodeDecodeError'> FILE: search_files.py LINE:59  'utf-8' codec can't decode byte 0x80 in position 7: invalid start byte
2021-03-17 23:57:55,288 ERROR ExecptionType: <class 'UnicodeDecodeError'> FILE: search_files.py LINE:59  'utf-8' codec can't decode byte 0x83 in position 18: invalid start byte
2021-03-17 23:57:55,288 ERROR ExecptionType: <class 'UnicodeDecodeError'> FILE: search_files.py LINE:59  'utf-8' codec can't decode byte 0x95 in position 10: invalid start byte
2021-03-17 23:57:55,291 ERROR ExecptionType: <class 'UnicodeDecodeError'> FILE: search_files.py LINE:59  'utf-8' codec can't decode byte 0xbe in position 0: invalid start byte
2021-03-17 23:57:55,292 ERROR ExecptionType: <class 'UnicodeDecodeError'> FILE: search_files.py LINE:59  'utf-8' codec can't decode byte 0xe6 in position 18: invalid continuation byte
2021-03-17 23:57:55,292 ERROR ExecptionType: <class 'UnicodeDecodeError'> FILE: search_files.py LINE:59  'utf-8' codec can't decode byte 0x84 in position 18: invalid start byte
2021-03-17 23:57:55,292 ERROR ExecptionType: <class 'UnicodeDecodeError'> FILE: search_files.py LINE:59  'utf-8' codec can't decode byte 0xae in position 10: invalid start byte
2021-03-17 23:57:55,315 ERROR ExecptionType: <class 'UnicodeDecodeError'> FILE: search_files.py LINE:59  'utf-8' codec can't decode byte 0x89 in position 0: invalid start byte
2021-03-17 23:57:55,316 ERROR ExecptionType: <class 'UnicodeDecodeError'> FILE: search_files.py LINE:59  'utf-8' codec can't decode byte 0xff in position 0: invalid start byte
2021-03-17 23:57:55,354 ERROR ExecptionType: <class 'UnicodeDecodeError'> FILE: search_files.py LINE:59  'utf-8' codec can't decode byte 0x89 in position 0: invalid start byte
2021-03-17 23:57:55,356 ERROR ExecptionType: <class 'UnicodeDecodeError'> FILE: search_files.py LINE:59  'utf-8' codec can't decode byte 0x89 in position 0: invalid start byte
2021-03-17 23:57:55,356 ERROR ExecptionType: <class 'UnicodeDecodeError'> FILE: search_files.py LINE:59  'utf-8' codec can't decode byte 0x89 in position 0: invalid start byte
2021-03-17 23:57:55,356 ERROR ExecptionType: <class 'UnicodeDecodeError'> FILE: search_files.py LINE:59  'utf-8' codec can't decode byte 0x89 in position 0: invalid start byte
2021-03-17 23:57:55,356 ERROR ExecptionType: <class 'UnicodeDecodeError'> FILE: search_files.py LINE:59  'utf-8' codec can't decode byte 0x89 in position 0: invalid start byte
2021-03-17 23:57:55,366 ERROR ExecptionType: <class 'UnicodeDecodeError'> FILE: search_files.py LINE:59  'utf-8' codec can't decode byte 0x89 in position 0: invalid start byte
2021-03-17 23:57:55,366 ERROR ExecptionType: <class 'UnicodeDecodeError'> FILE: search_files.py LINE:59  'utf-8' codec can't decode byte 0x89 in position 0: invalid start byte
2021-03-17 23:57:55,366 ERROR ExecptionType: <class 'UnicodeDecodeError'> FILE: search_files.py LINE:59  'utf-8' codec can't decode byte 0x89 in position 0: invalid start byte
2021-03-17 23:57:55,366 ERROR ExecptionType: <class 'UnicodeDecodeError'> FILE: search_files.py LINE:59  'utf-8' codec can't decode byte 0x89 in position 0: invalid start byte
2021-03-17 23:57:55,366 ERROR ExecptionType: <class 'UnicodeDecodeError'> FILE: search_files.py LINE:59  'utf-8' codec can't decode byte 0x89 in position 0: invalid start byte
2021-03-17 23:58:32,671 ERROR ExecptionType: <class 'UnicodeDecodeError'> FILE: search_files.py LINE:59  'utf-8' codec can't decode byte 0x89 in position 0: invalid start byte
2021-03-17 23:58:32,671 ERROR ExecptionType: <class 'UnicodeDecodeError'> FILE: search_files.py LINE:59  'utf-8' codec can't decode byte 0x89 in position 0: invalid start byte
2021-03-17 23:58:32,671 ERROR ExecptionType: <class 'UnicodeDecodeError'> FILE: search_files.py LINE:59  'utf-8' codec can't decode byte 0x89 in position 0: invalid start byte
2021-03-17 23:58:32,672 ERROR ExecptionType: <class 'UnicodeDecodeError'> FILE: search_files.py LINE:59  'utf-8' codec can't decode byte 0x89 in position 0: invalid start byte
2021-03-17 23:58:32,672 ERROR ExecptionType: <class 'UnicodeDecodeError'> FILE: search_files.py LINE:59  'utf-8' codec can't decode byte 0x89 in position 0: invalid start byte
2021-03-17 23:58:32,672 ERROR ExecptionType: <class 'UnicodeDecodeError'> FILE: search_files.py LINE:59  'utf-8' codec can't decode byte 0x89 in position 0: invalid start byte
2021-03-17 23:58:32,672 ERROR ExecptionType: <class 'UnicodeDecodeError'> FILE: search_files.py LINE:59  'utf-8' codec can't decode byte 0x89 in position 0: invalid start byte
2021-03-17 23:58:32,672 ERROR ExecptionType: <class 'UnicodeDecodeError'> FILE: search_files.py LINE:59  'utf-8' codec can't decode byte 0x89 in position 0: invalid start byte
2021-03-17 23:58:32,672 ERROR ExecptionType: <class 'UnicodeDecodeError'> FILE: search_files.py LINE:59  'utf-8' codec can't decode byte 0x89 in position 0: invalid start byte
2021-03-17 23:58:32,672 ERROR ExecptionType: <class 'UnicodeDecodeError'> FILE: search_files.py LINE:59  'utf-8' codec can't decode byte 0x89 in position 0: invalid start byte
2021-03-17 23:58:32,672 ERROR ExecptionType: <class 'UnicodeDecodeError'> FILE: search_files.py LINE:59  'utf-8' codec can't decode byte 0x89 in position 0: invalid start byte
2021-03-17 23:58:32,673 ERROR ExecptionType: <class 'UnicodeDecodeError'> FILE: search_files.py LINE:59  'utf-8' codec can't decode byte 0x89 in position 0: invalid start byte
2021-03-17 23:58:32,673 ERROR ExecptionType: <class 'UnicodeDecodeError'> FILE: search_files.py LINE:59  'utf-8' codec can't decode byte 0x89 in position 0: invalid start byte
2021-03-17 23:58:32,673 ERROR ExecptionType: <class 'UnicodeDecodeError'> FILE: search_files.py LINE:59  'utf-8' codec can't decode byte 0xff in position 0: invalid start byte
2021-03-17 23:58:32,673 ERROR ExecptionType: <class 'UnicodeDecodeError'> FILE: search_files.py LINE:59  'utf-8' codec can't decode byte 0x89 in position 0: invalid start byte
2021-03-17 23:58:32,673 ERROR ExecptionType: <class 'UnicodeDecodeError'> FILE: search_files.py LINE:59  'utf-8' codec can't decode byte 0x89 in position 0: invalid start byte
2021-03-17 23:58:32,673 ERROR ExecptionType: <class 'UnicodeDecodeError'> FILE: search_files.py LINE:59  'utf-8' codec can't decode byte 0x89 in position 0: invalid start byte
2021-03-17 23:58:32,674 ERROR ExecptionType: <class 'UnicodeDecodeError'> FILE: search_files.py LINE:59  'utf-8' codec can't decode byte 0x89 in position 0: invalid start byte
2021-03-17 23:58:32,674 ERROR ExecptionType: <class 'UnicodeDecodeError'> FILE: search_files.py LINE:59  'utf-8' codec can't decode byte 0x89 in position 0: invalid start byte
2021-03-17 23:58:32,674 ERROR ExecptionType: <class 'UnicodeDecodeError'> FILE: search_files.py LINE:59  'utf-8' codec can't decode byte 0x89 in position 0: invalid start byte
2021-03-17 23:58:32,674 ERROR ExecptionType: <class 'UnicodeDecodeError'> FILE: search_files.py LINE:59  'utf-8' codec can't decode byte 0x89 in position 0: invalid start byte
2021-03-17 23:58:32,674 ERROR ExecptionType: <class 'UnicodeDecodeError'> FILE: search_files.py LINE:59  'utf-8' codec can't decode byte 0xff in position 0: invalid start byte
2021-03-17 23:58:32,674 ERROR ExecptionType: <class 'UnicodeDecodeError'> FILE: search_files.py LINE:59  'utf-8' codec can't decode byte 0x89 in position 0: invalid start byte
2021-03-17 23:58:32,674 ERROR ExecptionType: <class 'UnicodeDecodeError'> FILE: search_files.py LINE:59  'utf-8' codec can't decode byte 0x89 in position 0: invalid start byte
2021-03-17 23:58:32,675 ERROR ExecptionType: <class 'UnicodeDecodeError'> FILE: search_files.py LINE:59  'utf-8' codec can't decode byte 0xff in position 0: invalid start byte
2021-03-17 23:58:32,675 ERROR ExecptionType: <class 'UnicodeDecodeError'> FILE: search_files.py LINE:59  'utf-8' codec can't decode byte 0x89 in position 0: invalid start byte
2021-03-17 23:58:32,675 ERROR ExecptionType: <class 'UnicodeDecodeError'> FILE: search_files.py LINE:59  'utf-8' codec can't decode byte 0x89 in position 0: invalid start byte
2021-03-17 23:58:32,675 ERROR ExecptionType: <class 'UnicodeDecodeError'> FILE: search_files.py LINE:59  'utf-8' codec can't decode byte 0x89 in position 0: invalid start byte
2021-03-17 23:58:32,675 ERROR ExecptionType: <class 'UnicodeDecodeError'> FILE: search_files.py LINE:59  'utf-8' codec can't decode byte 0x89 in position 0: invalid start byte
2021-03-17 23:58:32,675 ERROR ExecptionType: <class 'UnicodeDecodeError'> FILE: search_files.py LINE:59  'utf-8' codec can't decode byte 0x89 in position 0: invalid start byte
2021-03-17 23:58:32,675 ERROR ExecptionType: <class 'UnicodeDecodeError'> FILE: search_files.py LINE:59  'utf-8' codec can't decode byte 0x89 in position 0: invalid start byte
2021-03-17 23:58:32,675 ERROR ExecptionType: <class 'UnicodeDecodeError'> FILE: search_files.py LINE:59  'utf-8' codec can't decode byte 0x89 in position 0: invalid start byte
2021-03-17 23:58:32,676 ERROR ExecptionType: <class 'UnicodeDecodeError'> FILE: search_files.py LINE:59  'utf-8' codec can't decode byte 0x89 in position 0: invalid start byte
2021-03-17 23:58:32,676 ERROR ExecptionType: <class 'UnicodeDecodeError'> FILE: search_files.py LINE:59  'utf-8' codec can't decode byte 0x89 in position 0: invalid start byte
2021-03-17 23:58:32,676 ERROR ExecptionType: <class 'UnicodeDecodeError'> FILE: search_files.py LINE:59  'utf-8' codec can't decode byte 0x89 in position 0: invalid start byte
2021-03-17 23:58:32,676 ERROR ExecptionType: <class 'UnicodeDecodeError'> FILE: search_files.py LINE:59  'utf-8' codec can't decode byte 0x89 in position 0: invalid start byte
2021-03-17 23:58:32,676 ERROR ExecptionType: <class 'UnicodeDecodeError'> FILE: search_files.py LINE:59  'utf-8' codec can't decode byte 0x89 in position 0: invalid start byte
2021-03-17 23:58:32,676 ERROR ExecptionType: <class 'UnicodeDecodeError'> FILE: search_files.py LINE:59  'utf-8' codec can't decode byte 0x89 in position 0: invalid start byte
2021-03-17 23:58:32,676 ERROR ExecptionType: <class 'UnicodeDecodeError'> FILE: search_files.py LINE:59  'utf-8' codec can't decode byte 0x89 in position 0: invalid start byte
2021-03-17 23:58:32,677 ERROR ExecptionType: <class 'UnicodeDecodeError'> FILE: search_files.py LINE:59  'utf-8' codec can't decode byte 0x89 in position 0: invalid start byte
2021-03-17 23:58:32,677 ERROR ExecptionType: <class 'UnicodeDecodeError'> FILE: search_files.py LINE:59  'utf-8' codec can't decode byte 0x89 in position 0: invalid start byte
2021-03-17 23:58:32,677 ERROR ExecptionType: <class 'UnicodeDecodeError'> FILE: search_files.py LINE:59  'utf-8' codec can't decode byte 0x89 in position 0: invalid start byte
2021-03-17 23:58:32,677 ERROR ExecptionType: <class 'UnicodeDecodeError'> FILE: search_files.py LINE:59  'utf-8' codec can't decode byte 0x89 in position 0: invalid start byte
2021-03-17 23:58:32,680 ERROR ExecptionType: <class 'UnicodeDecodeError'> FILE: search_files.py LINE:59  'utf-8' codec can't decode byte 0x89 in position 0: invalid start byte
2021-03-17 23:58:32,681 ERROR ExecptionType: <class 'UnicodeDecodeError'> FILE: search_files.py LINE:59  'utf-8' codec can't decode byte 0xff in position 0: invalid start byte
2021-03-17 23:58:32,682 ERROR ExecptionType: <class 'UnicodeDecodeError'> FILE: search_files.py LINE:59  'utf-8' codec can't decode byte 0x80 in position 7: invalid start byte
2021-03-17 23:58:32,682 ERROR ExecptionType: <class 'UnicodeDecodeError'> FILE: search_files.py LINE:59  'utf-8' codec can't decode byte 0x83 in position 18: invalid start byte
2021-03-17 23:58:32,682 ERROR ExecptionType: <class 'UnicodeDecodeError'> FILE: search_files.py LINE:59  'utf-8' codec can't decode byte 0x95 in position 10: invalid start byte
2021-03-17 23:58:32,685 ERROR ExecptionType: <class 'UnicodeDecodeError'> FILE: search_files.py LINE:59  'utf-8' codec can't decode byte 0xbe in position 0: invalid start byte
2021-03-17 23:58:32,686 ERROR ExecptionType: <class 'UnicodeDecodeError'> FILE: search_files.py LINE:59  'utf-8' codec can't decode byte 0xe6 in position 18: invalid continuation byte
2021-03-17 23:58:32,686 ERROR ExecptionType: <class 'UnicodeDecodeError'> FILE: search_files.py LINE:59  'utf-8' codec can't decode byte 0x84 in position 18: invalid start byte
2021-03-17 23:58:32,686 ERROR ExecptionType: <class 'UnicodeDecodeError'> FILE: search_files.py LINE:59  'utf-8' codec can't decode byte 0xae in position 10: invalid start byte
2021-03-17 23:58:32,709 ERROR ExecptionType: <class 'UnicodeDecodeError'> FILE: search_files.py LINE:59  'utf-8' codec can't decode byte 0x89 in position 0: invalid start byte
2021-03-17 23:58:32,710 ERROR ExecptionType: <class 'UnicodeDecodeError'> FILE: search_files.py LINE:59  'utf-8' codec can't decode byte 0xff in position 0: invalid start byte
2021-03-17 23:58:32,749 ERROR ExecptionType: <class 'UnicodeDecodeError'> FILE: search_files.py LINE:59  'utf-8' codec can't decode byte 0x89 in position 0: invalid start byte
2021-03-17 23:58:32,749 ERROR ExecptionType: <class 'UnicodeDecodeError'> FILE: search_files.py LINE:59  'utf-8' codec can't decode byte 0x89 in position 0: invalid start byte
2021-03-17 23:58:32,749 ERROR ExecptionType: <class 'UnicodeDecodeError'> FILE: search_files.py LINE:59  'utf-8' codec can't decode byte 0x89 in position 0: invalid start byte
2021-03-17 23:58:32,749 ERROR ExecptionType: <class 'UnicodeDecodeError'> FILE: search_files.py LINE:59  'utf-8' codec can't decode byte 0x89 in position 0: invalid start byte
2021-03-17 23:58:32,750 ERROR ExecptionType: <class 'UnicodeDecodeError'> FILE: search_files.py LINE:59  'utf-8' codec can't decode byte 0x89 in position 0: invalid start byte
2021-03-17 23:58:32,759 ERROR ExecptionType: <class 'UnicodeDecodeError'> FILE: search_files.py LINE:59  'utf-8' codec can't decode byte 0x89 in position 0: invalid start byte
2021-03-17 23:58:32,760 ERROR ExecptionType: <class 'UnicodeDecodeError'> FILE: search_files.py LINE:59  'utf-8' codec can't decode byte 0x89 in position 0: invalid start byte
2021-03-17 23:58:32,760 ERROR ExecptionType: <class 'UnicodeDecodeError'> FILE: search_files.py LINE:59  'utf-8' codec can't decode byte 0x89 in position 0: invalid start byte
2021-03-17 23:58:32,760 ERROR ExecptionType: <class 'UnicodeDecodeError'> FILE: search_files.py LINE:59  'utf-8' codec can't decode byte 0x89 in position 0: invalid start byte
2021-03-17 23:58:32,760 ERROR ExecptionType: <class 'UnicodeDecodeError'> FILE: search_files.py LINE:59  'utf-8' codec can't decode byte 0x89 in position 0: invalid start byte
